<?xml version="1.0" encoding="UTF-8"?>
<testng-results skipped="0" failed="0" ignored="0" total="1" passed="1">
  <reporter-output>
  </reporter-output>
  <suite name="Suite" duration-ms="7159" started-at="2018-02-09T01:53:43Z" finished-at="2018-02-09T01:53:50Z">
    <groups>
    </groups>
    <test name="Test" duration-ms="7159" started-at="2018-02-09T01:53:43Z" finished-at="2018-02-09T01:53:50Z">
      <class name="Test.automationExercise">
        <test-method status="PASS" signature="Init()[pri:0, instance:Test.automationExercise@36d64342]" name="Init" is-config="true" duration-ms="2883" started-at="2018-02-08T22:53:43Z" finished-at="2018-02-08T22:53:46Z">
          <reporter-output>
          </reporter-output>
        </test-method> <!-- Init -->
        <test-method status="PASS" signature="irABing()[pri:0, instance:Test.automationExercise@36d64342]" name="irABing" is-config="true" duration-ms="1358" started-at="2018-02-08T22:53:46Z" finished-at="2018-02-08T22:53:47Z">
          <reporter-output>
          </reporter-output>
        </test-method> <!-- irABing -->
        <test-method status="PASS" signature="i_am_on_SeleniumHQ_Page()[pri:0, instance:Test.automationExercise@36d64342]" name="i_am_on_SeleniumHQ_Page" duration-ms="1954" started-at="2018-02-08T22:53:47Z" finished-at="2018-02-08T22:53:49Z">
          <reporter-output>
          </reporter-output>
        </test-method> <!-- i_am_on_SeleniumHQ_Page -->
        <test-method status="PASS" signature="cerraDriver()[pri:0, instance:Test.automationExercise@36d64342]" name="cerraDriver" is-config="true" duration-ms="951" started-at="2018-02-08T22:53:49Z" finished-at="2018-02-08T22:53:50Z">
          <reporter-output>
          </reporter-output>
        </test-method> <!-- cerraDriver -->
      </class> <!-- Test.automationExercise -->
    </test> <!-- Test -->
  </suite> <!-- Suite -->
</testng-results>
